0 info it worked if it ends with ok
1 verbose cli [ 'C:\\Program Files\\nodejs\\node.exe',
1 verbose cli   'C:\\Users\\asus\\AppData\\Roaming\\npm\\node_modules\\cnpm\\node_modules\\npm\\bin\\npm-cli.js',
1 verbose cli   '--userconfig=C:\\Users\\asus\\.cnpmrc',
1 verbose cli   '--disturl=https://npm.taobao.org/mirrors/node',
1 verbose cli   '--registry=https://registry.npm.taobao.org',
1 verbose cli   'run',
1 verbose cli   'dev' ]
2 info using npm@3.10.10
3 info using node@v8.12.0
4 verbose run-script [ 'predev', 'dev', 'postdev' ]
5 info lifecycle myapp@0.0.0~predev: myapp@0.0.0
6 silly lifecycle myapp@0.0.0~predev: no script for predev, continuing
7 info lifecycle myapp@0.0.0~dev: myapp@0.0.0
8 verbose lifecycle myapp@0.0.0~dev: unsafe-perm in lifecycle true
9 verbose lifecycle myapp@0.0.0~dev: PATH: C:\Users\asus\AppData\Roaming\npm\node_modules\cnpm\node_modules\npm\bin\node-gyp-bin;E:\course-wxx\SH-1811\week1-2-node\day07_pro\myapp\node_modules\.bin;D:\Program Files\Python36\Scripts\;D:\Program Files\Python36\;C:\ProgramData\Oracle\Java\javapath;D:\soft\android IDE\sdk;C:\Program Files (x86)\Intel\iCLS Client\;C:\Program Files\Intel\iCLS Client\;C:\Windows\system32;C:\Windows;C:\Windows\System32\Wbem;C:\Windows\System32\WindowsPowerShell\v1.0\;C:\Program Files (x86)\Intel\Intel(R) Management Engine Components\DAL;C:\Program Files\Intel\Intel(R) Management Engine Components\DAL;C:\Program Files (x86)\Intel\Intel(R) Management Engine Components\IPT;C:\Program Files\Intel\Intel(R) Management Engine Components\IPT;C:\Program Files (x86)\NVIDIA Corporation\PhysX\Common;C:\WINDOWS\system32;C:\WINDOWS;C:\WINDOWS\System32\Wbem;C:\WINDOWS\System32\WindowsPowerShell\v1.0\;C:\Users\asus\AppData\Roaming\npm\gulp;C:\Users\asus\AppData\Roaming\npm\bower;D:\Program Files\TortoiseSVN\bin;	C:\Program Files\Java\jdk1.8.0_111\bin;	D:\Program Files (x86)\apache-ant-1.9.7\bin;D:\soft\android IDE\sdk\tools;D:\Program Files\VisualSVN Server\bin;C:\Program Files\Java\jdk1.8.0_111\jre\bin;D:\Program Files\MongoDB\Server\3.4\bin;C:\Program Files\nodejs;D:\soft\android IDE\sdk\platforms;D:\soft\android IDE\sdk\platform-tools;D:\soft\android IDE\gradle-4.0.2\bin;C:\ProgramData\chocolatey\bin;C:\Program Files\MySQL\MySQL Utilities 1.6\;C:\WINDOWS\System32\OpenSSH\;D:\Program Files\PuTTY\;C:\Program Files\nodejs\;f:\Program Files\Microsoft VS Code\bin;D:\soft\Ruby22\bin;C:\Program Files (x86)\Intel\iCLS Client\;C:\Program Files\Intel\iCLS Client\;C:\Windows\system32;C:\Windows;C:\Windows\System32\Wbem;C:\Windows\System32\WindowsPowerShell\v1.0\;C:\Program Files (x86)\Intel\Intel(R) Management Engine Components\DAL;C:\Program Files\Intel\Intel(R) Management Engine Components\DAL;C:\Program Files (x86)\Intel\Intel(R) Management Engine Components\IPT;C:\Program Files\Intel\Intel(R) Management Engine Components\IPT;C:\Program Files (x86)\NVIDIA Corporation\PhysX\Common;C:\WINDOWS\system32;C:\WINDOWS;C:\WINDOWS\System32\Wbem;C:\WINDOWS\System32\WindowsPowerShell\v1.0\;C:\Users\asus\AppData\Local\Microsoft\WindowsApps;E:\course-wxx\jsBriage\jsBriage\apache-ant-1.9.7\bin;D:\soft\android IDE\sdk;D:\soft\android IDE\sdk\platform-tools;C:\Users\asus\AppData\Roaming\npm\node_modules\cordova\bin;C:\Program Files\Java\jdk1.8.0_111\jre\bin;C:\Users\asus\AppData\Local\atom\bin;d:\Program Files\Microsoft VS Code\bin;d:\Program Files (x86)\SSH Communications Security\SSH Secure Shell;;C:\Users\asus\AppData\Local\Programs\Fiddler;C:\Users\asus\AppData\Local\Microsoft\WindowsApps;C:\Users\asus\AppData\Roaming\npm
10 verbose lifecycle myapp@0.0.0~dev: CWD: E:\course-wxx\SH-1811\week1-2-node\day07_pro\myapp
11 silly lifecycle myapp@0.0.0~dev: Args: [ '/d /s /c', 'supervisor ./bin/www' ]
12 silly lifecycle myapp@0.0.0~dev: Returned: code: 1  signal: null
13 info lifecycle myapp@0.0.0~dev: Failed to exec dev script
14 verbose stack Error: myapp@0.0.0 dev: `supervisor ./bin/www`
14 verbose stack Exit status 1
14 verbose stack     at EventEmitter.<anonymous> (C:\Users\asus\AppData\Roaming\npm\node_modules\cnpm\node_modules\npm\lib\utils\lifecycle.js:255:16)
14 verbose stack     at emitTwo (events.js:126:13)
14 verbose stack     at EventEmitter.emit (events.js:214:7)
14 verbose stack     at ChildProcess.<anonymous> (C:\Users\asus\AppData\Roaming\npm\node_modules\cnpm\node_modules\npm\lib\utils\spawn.js:40:14)
14 verbose stack     at emitTwo (events.js:126:13)
14 verbose stack     at ChildProcess.emit (events.js:214:7)
14 verbose stack     at maybeClose (internal/child_process.js:915:16)
14 verbose stack     at Process.ChildProcess._handle.onexit (internal/child_process.js:209:5)
15 verbose pkgid myapp@0.0.0
16 verbose cwd E:\course-wxx\SH-1811\week1-2-node\day07_pro\myapp
17 error Windows_NT 10.0.17134
18 error argv "C:\\Program Files\\nodejs\\node.exe" "C:\\Users\\asus\\AppData\\Roaming\\npm\\node_modules\\cnpm\\node_modules\\npm\\bin\\npm-cli.js" "--userconfig=C:\\Users\\asus\\.cnpmrc" "--disturl=https://npm.taobao.org/mirrors/node" "--registry=https://registry.npm.taobao.org" "run" "dev"
19 error node v8.12.0
20 error npm  v3.10.10
21 error code ELIFECYCLE
22 error myapp@0.0.0 dev: `supervisor ./bin/www`
22 error Exit status 1
23 error Failed at the myapp@0.0.0 dev script 'supervisor ./bin/www'.
23 error Make sure you have the latest version of node.js and npm installed.
23 error If you do, this is most likely a problem with the myapp package,
23 error not with npm itself.
23 error Tell the author that this fails on your system:
23 error     supervisor ./bin/www
23 error You can get information on how to open an issue for this project with:
23 error     npm bugs myapp
23 error Or if that isn't available, you can get their info via:
23 error     npm owner ls myapp
23 error There is likely additional logging output above.
24 verbose exit [ 1, true ]
